[debug] [2025-09-11T10:46:17.538Z] ----------------------------------------------------------------------
[debug] [2025-09-11T10:46:17.541Z] Command:       C:\nvm4w\nodejs\node.exe C:\Users\ACER\AppData\Roaming\npm\node_modules\firebase-tools\lib\bin\firebase.js init
[debug] [2025-09-11T10:46:17.541Z] CLI Version:   14.16.0
[debug] [2025-09-11T10:46:17.541Z] Platform:      win32
[debug] [2025-09-11T10:46:17.541Z] Node Version:  v22.19.0
[debug] [2025-09-11T10:46:17.541Z] Time:          Thu Sep 11 2025 18:46:17 GMT+0800 (Singapore Standard Time)
[debug] [2025-09-11T10:46:17.541Z] ----------------------------------------------------------------------
[debug] 
[debug] [2025-09-11T10:46:17.546Z] > command requires scopes: ["email","openid","https://www.googleapis.com/auth/cloudplatformprojects.readonly","https://www.googleapis.com/auth/firebase","https://www.googleapis.com/auth/cloud-platform"]
[debug] [2025-09-11T10:46:17.547Z] > authorizing via signed-in user (kaifeedcat@gmail.com)
[info] 
     ######## #### ########  ######## ########     ###     ######  ########
     ##        ##  ##     ## ##       ##     ##  ##   ##  ##       ##
     ######    ##  ########  ######   ########  #########  ######  ######
     ##        ##  ##    ##  ##       ##     ## ##     ##       ## ##
     ##       #### ##     ## ######## ########  ##     ##  ######  ########

You're about to initialize a Firebase project in this directory:

  C:\Users\ACER\Documents\GitHub\SD_G02_43

[debug] [2025-09-11T10:48:23.976Z] ExitPromptError: User force closed the prompt with SIGINT
    at Interface.sigint (C:\Users\ACER\AppData\Roaming\npm\node_modules\firebase-tools\node_modules\@inquirer\core\dist\commonjs\lib\create-prompt.js:101:37)
    at Interface.emit (node:events:519:28)
    at Interface.emit (node:domain:489:12)
    at [_ttyWrite] [as _ttyWrite] (node:internal/readline/interface:1132:18)
    at ReadStream.onkeypress (node:internal/readline/interface:271:20)
    at ReadStream.emit (node:events:531:35)
    at ReadStream.emit (node:domain:489:12)
    at emitKeys (node:internal/readline/utils:370:14)
    at emitKeys.next (<anonymous>)
    at ReadStream.onData (node:internal/readline/emitKeypressEvents:64:36)
[error] 
[error] Error: An unexpected error has occurred.
